2021-07-03-21:15:33       INFO   开始自动测试E:\JavaExperimentTest\19\下的所有学生代码
2021-07-03-21:15:33       INFO   ---->测试E:\JavaExperimentTest\19\ACM1901-U201915035-邹雅.zip下的学生代码
2021-07-03-21:15:33       INFO   -------->学生信息:学号=U201915035,班级=ACM1901,姓名=邹雅
2021-07-03-21:15:34      ERROR   -------->"解压错误:'gbk' codec can't decode byte 0x80 in position 57: illegal multibyte sequence"
2021-07-03-21:15:34       INFO   ---->测试E:\JavaExperimentTest\19\ACM1901_U201914894_陈奕骁.zip下的学生代码
2021-07-03-21:15:34       INFO   -------->学生信息:学号=U201914894,班级=ACM1901,姓名=陈奕骁
2021-07-03-21:15:35       INFO   -------->解压E:\JavaExperimentTest\19\ACM1901_U201914894_陈奕骁.zip到目标文件夹E:\JavaExperimentTest\19\temp
2021-07-03-21:15:35       INFO   ---------------->开始测试学号=U201914894,班级=ACM1901,姓名=陈奕骁的代码
2021-07-03-21:15:40       INFO   ---------------->学号=U201914894,班级=ACM1901,姓名=陈奕骁的代码测试结果为：测试总数=106,失败个数=0,忽略个数=0
2021-07-03-21:15:40       INFO   ---->测试E:\JavaExperimentTest\19\ACM1901_U201914957_肖子扬.zip下的学生代码
2021-07-03-21:15:40       INFO   -------->学生信息:学号=U201914957,班级=ACM1901,姓名=肖子扬
2021-07-03-21:15:41       INFO   -------->解压E:\JavaExperimentTest\19\ACM1901_U201914957_肖子扬.zip到目标文件夹E:\JavaExperimentTest\19\temp
2021-07-03-21:15:41       INFO   ---------------->开始测试学号=U201914957,班级=ACM1901,姓名=肖子扬的代码
2021-07-03-21:15:46       INFO   ---------------->学号=U201914957,班级=ACM1901,姓名=肖子扬的代码测试结果为：测试总数=106,失败个数=0,忽略个数=0
2021-07-03-21:15:46       INFO   ---->测试E:\JavaExperimentTest\19\ACM1901_U201915009_石星哲.rar下的学生代码
2021-07-03-21:15:46       INFO   -------->学生信息:学号=U201915009,班级=ACM1901,姓名=石星哲
2021-07-03-21:16:01       INFO   -------->解压E:\JavaExperimentTest\19\ACM1901_U201915009_石星哲.rar到目标文件夹E:\JavaExperimentTest\19\temp
2021-07-03-21:16:01       INFO   ---------------->开始测试学号=U201915009,班级=ACM1901,姓名=石星哲的代码
2021-07-03-21:16:07       INFO   ---------------->学号=U201915009,班级=ACM1901,姓名=石星哲的代码测试结果为：测试总数=106,失败个数=0,忽略个数=0
2021-07-03-21:16:07       INFO   ---->测试E:\JavaExperimentTest\19\ACM1901_U201915010_李恒庄.zip下的学生代码
2021-07-03-21:16:07       INFO   -------->学生信息:学号=U201915010,班级=ACM1901,姓名=李恒庄
2021-07-03-21:16:08       INFO   -------->解压E:\JavaExperimentTest\19\ACM1901_U201915010_李恒庄.zip到目标文件夹E:\JavaExperimentTest\19\temp
2021-07-03-21:16:08       INFO   ---------------->开始测试学号=U201915010,班级=ACM1901,姓名=李恒庄的代码
2021-07-03-21:16:12       INFO   ---------------->学号=U201915010,班级=ACM1901,姓名=李恒庄的代码测试结果为：测试总数=106,失败个数=0,忽略个数=0
2021-07-03-21:16:12       INFO   ---->测试E:\JavaExperimentTest\19\ACM1901_U201915112_周奥洋.zip下的学生代码
2021-07-03-21:16:12       INFO   -------->学生信息:学号=U201915112,班级=ACM1901,姓名=周奥洋
2021-07-03-21:16:13       INFO   -------->解压E:\JavaExperimentTest\19\ACM1901_U201915112_周奥洋.zip到目标文件夹E:\JavaExperimentTest\19\temp
2021-07-03-21:16:13       INFO   ---------------->开始测试学号=U201915112,班级=ACM1901,姓名=周奥洋的代码
2021-07-03-21:16:16      ERROR   ---------------->学号=U201915112,班级=ACM1901,姓名=周奥洋的自动测试存在问题,请查看文件E:\JavaExperimentTest\19\logs\U201915112_ACM1901_周奥洋_error.log和E:\JavaExperimentTest\19\logs\U201915112_ACM1901_周奥洋_out.log
2021-07-03-21:16:16      ERROR   ---------------->学号=U201915112,班级=ACM1901,姓名=周奥洋的代码测试没有得到最终测试结果
2021-07-03-21:16:16       INFO   ---->测试E:\JavaExperimentTest\19\ACM1901_U201915128_蓝冰瑛.zip下的学生代码
2021-07-03-21:16:16       INFO   -------->学生信息:学号=U201915128,班级=ACM1901,姓名=蓝冰瑛
2021-07-03-21:16:17       INFO   -------->解压E:\JavaExperimentTest\19\ACM1901_U201915128_蓝冰瑛.zip到目标文件夹E:\JavaExperimentTest\19\temp
2021-07-03-21:16:17       INFO   ---------------->开始测试学号=U201915128,班级=ACM1901,姓名=蓝冰瑛的代码
2021-07-03-21:16:20      ERROR   ---------------->学号=U201915128,班级=ACM1901,姓名=蓝冰瑛的自动测试存在问题,请查看文件E:\JavaExperimentTest\19\logs\U201915128_ACM1901_蓝冰瑛_error.log和E:\JavaExperimentTest\19\logs\U201915128_ACM1901_蓝冰瑛_out.log
2021-07-03-21:16:20      ERROR   ---------------->学号=U201915128,班级=ACM1901,姓名=蓝冰瑛的代码测试没有得到最终测试结果
2021-07-03-21:16:20       INFO   ---->测试E:\JavaExperimentTest\19\ACM1901_U201915143_范文龙.zip下的学生代码
2021-07-03-21:16:20       INFO   -------->学生信息:学号=U201915143,班级=ACM1901,姓名=范文龙
2021-07-03-21:16:21       INFO   -------->解压E:\JavaExperimentTest\19\ACM1901_U201915143_范文龙.zip到目标文件夹E:\JavaExperimentTest\19\temp
2021-07-03-21:16:21       INFO   ---------------->开始测试学号=U201915143,班级=ACM1901,姓名=范文龙的代码
2021-07-03-21:16:25      ERROR   ---------------->学号=U201915143,班级=ACM1901,姓名=范文龙的自动测试存在问题,请查看文件E:\JavaExperimentTest\19\logs\U201915143_ACM1901_范文龙_error.log和E:\JavaExperimentTest\19\logs\U201915143_ACM1901_范文龙_out.log
2021-07-03-21:16:25       INFO   ---------------->学号=U201915143,班级=ACM1901,姓名=范文龙的代码测试结果为：测试总数=106,失败个数=4,忽略个数=0
2021-07-03-21:16:25       INFO   ---->测试E:\JavaExperimentTest\19\CS1901_U201914888_李亦童.rar下的学生代码
2021-07-03-21:16:25       INFO   -------->学生信息:学号=U201914888,班级=CS1901,姓名=李亦童
2021-07-03-21:16:35       INFO   -------->解压E:\JavaExperimentTest\19\CS1901_U201914888_李亦童.rar到目标文件夹E:\JavaExperimentTest\19\temp
2021-07-03-21:16:35       INFO   ---------------->开始测试学号=U201914888,班级=CS1901,姓名=李亦童的代码
2021-07-03-21:16:38      ERROR   ---------------->学号=U201914888,班级=CS1901,姓名=李亦童的自动测试存在问题,请查看文件E:\JavaExperimentTest\19\logs\U201914888_CS1901_李亦童_error.log和E:\JavaExperimentTest\19\logs\U201914888_CS1901_李亦童_out.log
2021-07-03-21:16:38      ERROR   ---------------->学号=U201914888,班级=CS1901,姓名=李亦童的代码测试没有得到最终测试结果
2021-07-03-21:16:38       INFO   ---->测试E:\JavaExperimentTest\19\CS1901_U201914890_张逸博.zip下的学生代码
2021-07-03-21:16:38       INFO   -------->学生信息:学号=U201914890,班级=CS1901,姓名=张逸博
2021-07-03-21:16:38       INFO   -------->解压E:\JavaExperimentTest\19\CS1901_U201914890_张逸博.zip到目标文件夹E:\JavaExperimentTest\19\temp
2021-07-03-21:16:38       INFO   ---------------->开始测试学号=U201914890,班级=CS1901,姓名=张逸博的代码
2021-07-03-21:16:43       INFO   ---------------->学号=U201914890,班级=CS1901,姓名=张逸博的代码测试结果为：测试总数=106,失败个数=0,忽略个数=0
2021-07-03-21:16:43       INFO   ---->测试E:\JavaExperimentTest\19\CS1901_U201914891_袁伟奇.zip下的学生代码
2021-07-03-21:16:43       INFO   -------->学生信息:学号=U201914891,班级=CS1901,姓名=袁伟奇
2021-07-03-21:16:44       INFO   -------->解压E:\JavaExperimentTest\19\CS1901_U201914891_袁伟奇.zip到目标文件夹E:\JavaExperimentTest\19\temp
2021-07-03-21:16:44       INFO   ---------------->开始测试学号=U201914891,班级=CS1901,姓名=袁伟奇的代码
2021-07-03-21:16:44      ERROR   ---------------->学号=U201914891,班级=CS1901,姓名=袁伟奇的自动测试目录不存在或者存在问题
2021-07-03-21:16:44       INFO   ---->测试E:\JavaExperimentTest\19\CS1901_U201914899_柏威良.zip下的学生代码
2021-07-03-21:16:44       INFO   -------->学生信息:学号=U201914899,班级=CS1901,姓名=柏威良
2021-07-03-21:16:45       INFO   -------->解压E:\JavaExperimentTest\19\CS1901_U201914899_柏威良.zip到目标文件夹E:\JavaExperimentTest\19\temp
2021-07-03-21:16:45       INFO   ---------------->开始测试学号=U201914899,班级=CS1901,姓名=柏威良的代码
2021-07-03-21:16:50       INFO   ---------------->学号=U201914899,班级=CS1901,姓名=柏威良的代码测试结果为：测试总数=106,失败个数=0,忽略个数=0
2021-07-03-21:16:50       INFO   ---->测试E:\JavaExperimentTest\19\CS1901_U201914910_ 陈涛.rar下的学生代码
2021-07-03-21:16:50    WARNING   -------->学生信息:学号=U201914910,班级=CS1901,姓名= 陈涛的学生不在花名册里
2021-07-03-21:16:50       INFO   ---->测试E:\JavaExperimentTest\19\CS1901_U201914910_陈涛.rar下的学生代码
2021-07-03-21:16:50       INFO   -------->学生信息:学号=U201914910,班级=CS1901,姓名=陈涛
2021-07-03-21:17:02       INFO   -------->解压E:\JavaExperimentTest\19\CS1901_U201914910_陈涛.rar到目标文件夹E:\JavaExperimentTest\19\temp
2021-07-03-21:17:02       INFO   ---------------->开始测试学号=U201914910,班级=CS1901,姓名=陈涛的代码
2021-07-03-21:17:04      ERROR   ---------------->学号=U201914910,班级=CS1901,姓名=陈涛的自动测试存在问题,请查看文件E:\JavaExperimentTest\19\logs\U201914910_CS1901_陈涛_error.log和E:\JavaExperimentTest\19\logs\U201914910_CS1901_陈涛_out.log
2021-07-03-21:17:04      ERROR   ---------------->学号=U201914910,班级=CS1901,姓名=陈涛的代码测试没有得到最终测试结果
2021-07-03-21:17:04       INFO   ---->测试E:\JavaExperimentTest\19\CS1902-U201914924-赵毅.zip下的学生代码
2021-07-03-21:17:04       INFO   -------->学生信息:学号=U201914924,班级=CS1902,姓名=赵毅
2021-07-03-21:17:05       INFO   -------->解压E:\JavaExperimentTest\19\CS1902-U201914924-赵毅.zip到目标文件夹E:\JavaExperimentTest\19\temp
2021-07-03-21:17:05       INFO   ---------------->开始测试学号=U201914924,班级=CS1902,姓名=赵毅的代码
2021-07-03-21:17:10      ERROR   ---------------->学号=U201914924,班级=CS1902,姓名=赵毅的自动测试存在问题,请查看文件E:\JavaExperimentTest\19\logs\U201914924_CS1902_赵毅_error.log和E:\JavaExperimentTest\19\logs\U201914924_CS1902_赵毅_out.log
2021-07-03-21:17:10       INFO   ---------------->学号=U201914924,班级=CS1902,姓名=赵毅的代码测试结果为：测试总数=106,失败个数=4,忽略个数=0
2021-07-03-21:17:10       INFO   ---->测试E:\JavaExperimentTest\19\CS1902-U201914947-刘苡辛.rar下的学生代码
2021-07-03-21:17:10       INFO   -------->学生信息:学号=U201914947,班级=CS1902,姓名=刘苡辛
2021-07-03-21:17:25       INFO   -------->解压E:\JavaExperimentTest\19\CS1902-U201914947-刘苡辛.rar到目标文件夹E:\JavaExperimentTest\19\temp
2021-07-03-21:17:25       INFO   ---------------->开始测试学号=U201914947,班级=CS1902,姓名=刘苡辛的代码
2021-07-03-21:17:30       INFO   ---------------->学号=U201914947,班级=CS1902,姓名=刘苡辛的代码测试结果为：测试总数=106,失败个数=0,忽略个数=0
2021-07-03-21:17:30       INFO   ---->测试E:\JavaExperimentTest\19\CS1902_U201814511_余纪龙.rar下的学生代码
2021-07-03-21:17:30       INFO   -------->学生信息:学号=U201814511,班级=CS1902,姓名=余纪龙
2021-07-03-21:17:42       INFO   -------->解压E:\JavaExperimentTest\19\CS1902_U201814511_余纪龙.rar到目标文件夹E:\JavaExperimentTest\19\temp
2021-07-03-21:17:42       INFO   ---------------->开始测试学号=U201814511,班级=CS1902,姓名=余纪龙的代码
2021-07-03-21:17:47       INFO   ---------------->学号=U201814511,班级=CS1902,姓名=余纪龙的代码测试结果为：测试总数=106,失败个数=0,忽略个数=0
2021-07-03-21:17:47       INFO   ---->测试E:\JavaExperimentTest\19\CS1902_U201914917_袁德隆.zip下的学生代码
2021-07-03-21:17:47       INFO   -------->学生信息:学号=U201914917,班级=CS1902,姓名=袁德隆
2021-07-03-21:17:47       INFO   -------->解压E:\JavaExperimentTest\19\CS1902_U201914917_袁德隆.zip到目标文件夹E:\JavaExperimentTest\19\temp
2021-07-03-21:17:47       INFO   ---------------->开始测试学号=U201914917,班级=CS1902,姓名=袁德隆的代码
2021-07-03-21:17:52       INFO   ---------------->学号=U201914917,班级=CS1902,姓名=袁德隆的代码测试结果为：测试总数=106,失败个数=0,忽略个数=0
2021-07-03-21:17:52       INFO   ---->测试E:\JavaExperimentTest\19\CS1902_U201914922_邓泽晖.zip下的学生代码
2021-07-03-21:17:52       INFO   -------->学生信息:学号=U201914922,班级=CS1902,姓名=邓泽晖
2021-07-03-21:17:54       INFO   -------->解压E:\JavaExperimentTest\19\CS1902_U201914922_邓泽晖.zip到目标文件夹E:\JavaExperimentTest\19\temp
2021-07-03-21:17:54       INFO   ---------------->开始测试学号=U201914922,班级=CS1902,姓名=邓泽晖的代码
2021-07-03-21:17:59       INFO   ---------------->学号=U201914922,班级=CS1902,姓名=邓泽晖的代码测试结果为：测试总数=106,失败个数=0,忽略个数=0
2021-07-03-21:17:59       INFO   ---->测试E:\JavaExperimentTest\19\CS1902_U201914923_吴正誉.rar下的学生代码
2021-07-03-21:17:59       INFO   -------->学生信息:学号=U201914923,班级=CS1902,姓名=吴正誉
2021-07-03-21:18:18       INFO   -------->解压E:\JavaExperimentTest\19\CS1902_U201914923_吴正誉.rar到目标文件夹E:\JavaExperimentTest\19\temp
2021-07-03-21:18:18       INFO   ---------------->开始测试学号=U201914923,班级=CS1902,姓名=吴正誉的代码
2021-07-03-21:18:22       INFO   ---------------->学号=U201914923,班级=CS1902,姓名=吴正誉的代码测试结果为：测试总数=106,失败个数=0,忽略个数=0
2021-07-03-21:18:22       INFO   ---->测试E:\JavaExperimentTest\19\CS1902_U201914929_戴政.zip下的学生代码
2021-07-03-21:18:22       INFO   -------->学生信息:学号=U201914929,班级=CS1902,姓名=戴政
2021-07-03-21:18:23       INFO   -------->解压E:\JavaExperimentTest\19\CS1902_U201914929_戴政.zip到目标文件夹E:\JavaExperimentTest\19\temp
2021-07-03-21:18:23       INFO   ---------------->开始测试学号=U201914929,班级=CS1902,姓名=戴政的代码
2021-07-03-21:18:27       INFO   ---------------->学号=U201914929,班级=CS1902,姓名=戴政的代码测试结果为：测试总数=106,失败个数=0,忽略个数=0
2021-07-03-21:18:27       INFO   ---->测试E:\JavaExperimentTest\19\CS1902_U201914935_王皓.zip下的学生代码
2021-07-03-21:18:27       INFO   -------->学生信息:学号=U201914935,班级=CS1902,姓名=王皓
2021-07-03-21:18:28       INFO   -------->解压E:\JavaExperimentTest\19\CS1902_U201914935_王皓.zip到目标文件夹E:\JavaExperimentTest\19\temp
2021-07-03-21:18:28       INFO   ---------------->开始测试学号=U201914935,班级=CS1902,姓名=王皓的代码
2021-07-03-21:18:31      ERROR   ---------------->学号=U201914935,班级=CS1902,姓名=王皓的自动测试存在问题,请查看文件E:\JavaExperimentTest\19\logs\U201914935_CS1902_王皓_error.log和E:\JavaExperimentTest\19\logs\U201914935_CS1902_王皓_out.log
2021-07-03-21:18:31      ERROR   ---------------->学号=U201914935,班级=CS1902,姓名=王皓的代码测试没有得到最终测试结果
2021-07-03-21:18:31       INFO   ---->测试E:\JavaExperimentTest\19\CS1902_U201914941_潘秋安.rar下的学生代码
2021-07-03-21:18:31       INFO   -------->学生信息:学号=U201914941,班级=CS1902,姓名=潘秋安
2021-07-03-21:18:46       INFO   -------->解压E:\JavaExperimentTest\19\CS1902_U201914941_潘秋安.rar到目标文件夹E:\JavaExperimentTest\19\temp
2021-07-03-21:18:46       INFO   ---------------->开始测试学号=U201914941,班级=CS1902,姓名=潘秋安的代码
2021-07-03-21:18:50       INFO   ---------------->学号=U201914941,班级=CS1902,姓名=潘秋安的代码测试结果为：测试总数=106,失败个数=0,忽略个数=0
2021-07-03-21:18:50       INFO   ---->测试E:\JavaExperimentTest\19\CS1902_U201914951_黄天泽.rar下的学生代码
2021-07-03-21:18:50       INFO   -------->学生信息:学号=U201914951,班级=CS1902,姓名=黄天泽
2021-07-03-21:18:56       INFO   -------->解压E:\JavaExperimentTest\19\CS1902_U201914951_黄天泽.rar到目标文件夹E:\JavaExperimentTest\19\temp
2021-07-03-21:18:56       INFO   ---------------->开始测试学号=U201914951,班级=CS1902,姓名=黄天泽的代码
2021-07-03-21:18:56      ERROR   ---------------->学号=U201914951,班级=CS1902,姓名=黄天泽的自动测试目录不存在或者存在问题
2021-07-03-21:18:56       INFO   ---->测试E:\JavaExperimentTest\19\CS1902_U201914972_祝炀.zip下的学生代码
2021-07-03-21:18:56       INFO   -------->学生信息:学号=U201914972,班级=CS1902,姓名=祝炀
2021-07-03-21:18:56       INFO   -------->解压E:\JavaExperimentTest\19\CS1902_U201914972_祝炀.zip到目标文件夹E:\JavaExperimentTest\19\temp
2021-07-03-21:18:56       INFO   ---------------->开始测试学号=U201914972,班级=CS1902,姓名=祝炀的代码
2021-07-03-21:19:01       INFO   ---------------->学号=U201914972,班级=CS1902,姓名=祝炀的代码测试结果为：测试总数=106,失败个数=0,忽略个数=0
2021-07-03-21:19:01       INFO   ---->测试E:\JavaExperimentTest\19\CS1903_U201914968_毛升任.zip下的学生代码
2021-07-03-21:19:01       INFO   -------->学生信息:学号=U201914968,班级=CS1903,姓名=毛升任
2021-07-03-21:19:02       INFO   -------->解压E:\JavaExperimentTest\19\CS1903_U201914968_毛升任.zip到目标文件夹E:\JavaExperimentTest\19\temp
2021-07-03-21:19:02       INFO   ---------------->开始测试学号=U201914968,班级=CS1903,姓名=毛升任的代码
2021-07-03-21:19:06      ERROR   ---------------->学号=U201914968,班级=CS1903,姓名=毛升任的自动测试存在问题,请查看文件E:\JavaExperimentTest\19\logs\U201914968_CS1903_毛升任_error.log和E:\JavaExperimentTest\19\logs\U201914968_CS1903_毛升任_out.log
2021-07-03-21:19:06       INFO   ---------------->学号=U201914968,班级=CS1903,姓名=毛升任的代码测试结果为：测试总数=106,失败个数=4,忽略个数=0
2021-07-03-21:19:06       INFO   ---->测试E:\JavaExperimentTest\19\CS1903_U201914973_武必成.zip下的学生代码
2021-07-03-21:19:06       INFO   -------->学生信息:学号=U201914973,班级=CS1903,姓名=武必成
2021-07-03-21:19:07       INFO   -------->解压E:\JavaExperimentTest\19\CS1903_U201914973_武必成.zip到目标文件夹E:\JavaExperimentTest\19\temp
2021-07-03-21:19:07       INFO   ---------------->开始测试学号=U201914973,班级=CS1903,姓名=武必成的代码
2021-07-03-21:19:12       INFO   ---------------->学号=U201914973,班级=CS1903,姓名=武必成的代码测试结果为：测试总数=106,失败个数=0,忽略个数=0
2021-07-03-21:19:12       INFO   ---->测试E:\JavaExperimentTest\19\CS1903_U201914974_杨超淇.rar下的学生代码
2021-07-03-21:19:12       INFO   -------->学生信息:学号=U201914974,班级=CS1903,姓名=杨超淇
2021-07-03-21:19:29       INFO   -------->解压E:\JavaExperimentTest\19\CS1903_U201914974_杨超淇.rar到目标文件夹E:\JavaExperimentTest\19\temp
2021-07-03-21:19:29       INFO   ---------------->开始测试学号=U201914974,班级=CS1903,姓名=杨超淇的代码
2021-07-03-21:19:34       INFO   ---------------->学号=U201914974,班级=CS1903,姓名=杨超淇的代码测试结果为：测试总数=106,失败个数=0,忽略个数=0
2021-07-03-21:19:34       INFO   ---->测试E:\JavaExperimentTest\19\CS1903_U201914978_钟逸.rar下的学生代码
2021-07-03-21:19:34       INFO   -------->学生信息:学号=U201914978,班级=CS1903,姓名=钟逸
2021-07-03-21:19:46       INFO   -------->解压E:\JavaExperimentTest\19\CS1903_U201914978_钟逸.rar到目标文件夹E:\JavaExperimentTest\19\temp
2021-07-03-21:19:46       INFO   ---------------->开始测试学号=U201914978,班级=CS1903,姓名=钟逸的代码
2021-07-03-21:19:51       INFO   ---------------->学号=U201914978,班级=CS1903,姓名=钟逸的代码测试结果为：测试总数=106,失败个数=0,忽略个数=0
2021-07-03-21:19:51       INFO   ---->测试E:\JavaExperimentTest\19\CS1903_U201914980_仲海平.zip下的学生代码
2021-07-03-21:19:51       INFO   -------->学生信息:学号=U201914980,班级=CS1903,姓名=仲海平
2021-07-03-21:19:53       INFO   -------->解压E:\JavaExperimentTest\19\CS1903_U201914980_仲海平.zip到目标文件夹E:\JavaExperimentTest\19\temp
2021-07-03-21:19:53       INFO   ---------------->开始测试学号=U201914980,班级=CS1903,姓名=仲海平的代码
2021-07-03-21:19:58       INFO   ---------------->学号=U201914980,班级=CS1903,姓名=仲海平的代码测试结果为：测试总数=106,失败个数=0,忽略个数=0
2021-07-03-21:19:58       INFO   ---->测试E:\JavaExperimentTest\19\CS1903_U201914986_杨昊.zip下的学生代码
2021-07-03-21:19:58       INFO   -------->学生信息:学号=U201914986,班级=CS1903,姓名=杨昊
2021-07-03-21:19:59       INFO   -------->解压E:\JavaExperimentTest\19\CS1903_U201914986_杨昊.zip到目标文件夹E:\JavaExperimentTest\19\temp
2021-07-03-21:19:59       INFO   ---------------->开始测试学号=U201914986,班级=CS1903,姓名=杨昊的代码
2021-07-03-21:20:04       INFO   ---------------->学号=U201914986,班级=CS1903,姓名=杨昊的代码测试结果为：测试总数=106,失败个数=0,忽略个数=0
2021-07-03-21:20:04       INFO   ---->测试E:\JavaExperimentTest\19\CS1903_U201914988_李玺壮.zip下的学生代码
2021-07-03-21:20:04       INFO   -------->学生信息:学号=U201914988,班级=CS1903,姓名=李玺壮
2021-07-03-21:20:04       INFO   -------->解压E:\JavaExperimentTest\19\CS1903_U201914988_李玺壮.zip到目标文件夹E:\JavaExperimentTest\19\temp
2021-07-03-21:20:04       INFO   ---------------->开始测试学号=U201914988,班级=CS1903,姓名=李玺壮的代码
2021-07-03-21:20:09       INFO   ---------------->学号=U201914988,班级=CS1903,姓名=李玺壮的代码测试结果为：测试总数=106,失败个数=0,忽略个数=0
2021-07-03-21:20:09       INFO   ---->测试E:\JavaExperimentTest\19\CS1903_U201914989_黄绍恒.zip下的学生代码
2021-07-03-21:20:09       INFO   -------->学生信息:学号=U201914989,班级=CS1903,姓名=黄绍恒
2021-07-03-21:20:09       INFO   -------->解压E:\JavaExperimentTest\19\CS1903_U201914989_黄绍恒.zip到目标文件夹E:\JavaExperimentTest\19\temp
2021-07-03-21:20:09       INFO   ---------------->开始测试学号=U201914989,班级=CS1903,姓名=黄绍恒的代码
2021-07-03-21:20:14       INFO   ---------------->学号=U201914989,班级=CS1903,姓名=黄绍恒的代码测试结果为：测试总数=106,失败个数=0,忽略个数=0
2021-07-03-21:20:14       INFO   ---->测试E:\JavaExperimentTest\19\CS1903_U201914993_孔祺.zip下的学生代码
2021-07-03-21:20:14       INFO   -------->学生信息:学号=U201914993,班级=CS1903,姓名=孔祺
2021-07-03-21:20:15       INFO   -------->解压E:\JavaExperimentTest\19\CS1903_U201914993_孔祺.zip到目标文件夹E:\JavaExperimentTest\19\temp
2021-07-03-21:20:15       INFO   ---------------->开始测试学号=U201914993,班级=CS1903,姓名=孔祺的代码
2021-07-03-21:20:19       INFO   ---------------->学号=U201914993,班级=CS1903,姓名=孔祺的代码测试结果为：测试总数=106,失败个数=0,忽略个数=0
2021-07-03-21:20:19       INFO   ---->测试E:\JavaExperimentTest\19\CS1903_U201914998_何翔宇.zip下的学生代码
2021-07-03-21:20:19       INFO   -------->学生信息:学号=U201914998,班级=CS1903,姓名=何翔宇
2021-07-03-21:20:20       INFO   -------->解压E:\JavaExperimentTest\19\CS1903_U201914998_何翔宇.zip到目标文件夹E:\JavaExperimentTest\19\temp
2021-07-03-21:20:20       INFO   ---------------->开始测试学号=U201914998,班级=CS1903,姓名=何翔宇的代码
2021-07-03-21:20:25       INFO   ---------------->学号=U201914998,班级=CS1903,姓名=何翔宇的代码测试结果为：测试总数=106,失败个数=0,忽略个数=0
2021-07-03-21:20:25       INFO   ---->测试E:\JavaExperimentTest\19\CS1903_U201915001_张宇帆.zip下的学生代码
2021-07-03-21:20:25       INFO   -------->学生信息:学号=U201915001,班级=CS1903,姓名=张宇帆
2021-07-03-21:20:25       INFO   -------->解压E:\JavaExperimentTest\19\CS1903_U201915001_张宇帆.zip到目标文件夹E:\JavaExperimentTest\19\temp
2021-07-03-21:20:25       INFO   ---------------->开始测试学号=U201915001,班级=CS1903,姓名=张宇帆的代码
2021-07-03-21:20:28      ERROR   ---------------->学号=U201915001,班级=CS1903,姓名=张宇帆的自动测试存在问题,请查看文件E:\JavaExperimentTest\19\logs\U201915001_CS1903_张宇帆_error.log和E:\JavaExperimentTest\19\logs\U201915001_CS1903_张宇帆_out.log
2021-07-03-21:20:28      ERROR   ---------------->学号=U201915001,班级=CS1903,姓名=张宇帆的代码测试没有得到最终测试结果
2021-07-03-21:20:28       INFO   ---->测试E:\JavaExperimentTest\19\CS1903_U201915007_黄子迅.zip下的学生代码
2021-07-03-21:20:28       INFO   -------->学生信息:学号=U201915007,班级=CS1903,姓名=黄子迅
2021-07-03-21:20:29       INFO   -------->解压E:\JavaExperimentTest\19\CS1903_U201915007_黄子迅.zip到目标文件夹E:\JavaExperimentTest\19\temp
2021-07-03-21:20:29       INFO   ---------------->开始测试学号=U201915007,班级=CS1903,姓名=黄子迅的代码
2021-07-03-21:20:35       INFO   ---------------->学号=U201915007,班级=CS1903,姓名=黄子迅的代码测试结果为：测试总数=106,失败个数=0,忽略个数=0
2021-07-03-21:20:35       INFO   ---->测试E:\JavaExperimentTest\19\CS1903_U201990056_陈昱夫.zip下的学生代码
2021-07-03-21:20:35       INFO   -------->学生信息:学号=U201990056,班级=CS1903,姓名=陈昱夫
2021-07-03-21:20:35       INFO   -------->解压E:\JavaExperimentTest\19\CS1903_U201990056_陈昱夫.zip到目标文件夹E:\JavaExperimentTest\19\temp
2021-07-03-21:20:35       INFO   ---------------->开始测试学号=U201990056,班级=CS1903,姓名=陈昱夫的代码
2021-07-03-21:20:40       INFO   ---------------->学号=U201990056,班级=CS1903,姓名=陈昱夫的代码测试结果为：测试总数=106,失败个数=0,忽略个数=0
2021-07-03-21:20:40       INFO   ---->测试E:\JavaExperimentTest\19\CS1904-U201915067-李晓.zip下的学生代码
2021-07-03-21:20:40       INFO   -------->学生信息:学号=U201915067,班级=CS1904,姓名=李晓
2021-07-03-21:20:41       INFO   -------->解压E:\JavaExperimentTest\19\CS1904-U201915067-李晓.zip到目标文件夹E:\JavaExperimentTest\19\temp
2021-07-03-21:20:41       INFO   ---------------->开始测试学号=U201915067,班级=CS1904,姓名=李晓的代码
2021-07-03-21:20:45       INFO   ---------------->学号=U201915067,班级=CS1904,姓名=李晓的代码测试结果为：测试总数=106,失败个数=0,忽略个数=0
2021-07-03-21:20:45       INFO   ---->测试E:\JavaExperimentTest\19\CS1904_U201915052_史宇辰.zip下的学生代码
2021-07-03-21:20:46       INFO   -------->学生信息:学号=U201915052,班级=CS1904,姓名=史宇辰
2021-07-03-21:20:46       INFO   -------->解压E:\JavaExperimentTest\19\CS1904_U201915052_史宇辰.zip到目标文件夹E:\JavaExperimentTest\19\temp
2021-07-03-21:20:46       INFO   ---------------->开始测试学号=U201915052,班级=CS1904,姓名=史宇辰的代码
2021-07-03-21:20:51       INFO   ---------------->学号=U201915052,班级=CS1904,姓名=史宇辰的代码测试结果为：测试总数=106,失败个数=0,忽略个数=0
2021-07-03-21:20:51       INFO   ---->测试E:\JavaExperimentTest\19\CS1904_U201915064_姜之昊.zip下的学生代码
2021-07-03-21:20:51       INFO   -------->学生信息:学号=U201915064,班级=CS1904,姓名=姜之昊
2021-07-03-21:20:52       INFO   -------->解压E:\JavaExperimentTest\19\CS1904_U201915064_姜之昊.zip到目标文件夹E:\JavaExperimentTest\19\temp
2021-07-03-21:20:52       INFO   ---------------->开始测试学号=U201915064,班级=CS1904,姓名=姜之昊的代码
2021-07-03-21:20:56       INFO   ---------------->学号=U201915064,班级=CS1904,姓名=姜之昊的代码测试结果为：测试总数=106,失败个数=0,忽略个数=0
2021-07-03-21:20:56       INFO   ---->测试E:\JavaExperimentTest\19\CS1904_U201915066_沈佳怡.zip下的学生代码
2021-07-03-21:20:56       INFO   -------->学生信息:学号=U201915066,班级=CS1904,姓名=沈佳怡
2021-07-03-21:20:57       INFO   -------->解压E:\JavaExperimentTest\19\CS1904_U201915066_沈佳怡.zip到目标文件夹E:\JavaExperimentTest\19\temp
2021-07-03-21:20:57       INFO   ---------------->开始测试学号=U201915066,班级=CS1904,姓名=沈佳怡的代码
2021-07-03-21:21:02       INFO   ---------------->学号=U201915066,班级=CS1904,姓名=沈佳怡的代码测试结果为：测试总数=106,失败个数=0,忽略个数=0
2021-07-03-21:21:02       INFO   ---->测试E:\JavaExperimentTest\19\CS1904_U201915068_王艳.zip下的学生代码
2021-07-03-21:21:02       INFO   -------->学生信息:学号=U201915068,班级=CS1904,姓名=王艳
2021-07-03-21:21:03       INFO   -------->解压E:\JavaExperimentTest\19\CS1904_U201915068_王艳.zip到目标文件夹E:\JavaExperimentTest\19\temp
2021-07-03-21:21:03       INFO   ---------------->开始测试学号=U201915068,班级=CS1904,姓名=王艳的代码
2021-07-03-21:21:07       INFO   ---------------->学号=U201915068,班级=CS1904,姓名=王艳的代码测试结果为：测试总数=106,失败个数=0,忽略个数=0
2021-07-03-21:21:07       INFO   ---->测试E:\JavaExperimentTest\19\CS1905_U201915012_吕泓畅.rar下的学生代码
2021-07-03-21:21:07       INFO   -------->学生信息:学号=U201915012,班级=CS1905,姓名=吕泓畅
2021-07-03-21:21:18       INFO   -------->解压E:\JavaExperimentTest\19\CS1905_U201915012_吕泓畅.rar到目标文件夹E:\JavaExperimentTest\19\temp
2021-07-03-21:21:18       INFO   ---------------->开始测试学号=U201915012,班级=CS1905,姓名=吕泓畅的代码
2021-07-03-21:21:23       INFO   ---------------->学号=U201915012,班级=CS1905,姓名=吕泓畅的代码测试结果为：测试总数=106,失败个数=0,忽略个数=0
2021-07-03-21:21:23       INFO   ---->测试E:\JavaExperimentTest\19\CS1905_U201915016_李俊锋.zip下的学生代码
2021-07-03-21:21:23       INFO   -------->学生信息:学号=U201915016,班级=CS1905,姓名=李俊锋
2021-07-03-21:21:24       INFO   -------->解压E:\JavaExperimentTest\19\CS1905_U201915016_李俊锋.zip到目标文件夹E:\JavaExperimentTest\19\temp
2021-07-03-21:21:24       INFO   ---------------->开始测试学号=U201915016,班级=CS1905,姓名=李俊锋的代码
2021-07-03-21:21:29       INFO   ---------------->学号=U201915016,班级=CS1905,姓名=李俊锋的代码测试结果为：测试总数=106,失败个数=0,忽略个数=0
2021-07-03-21:21:29       INFO   ---->测试E:\JavaExperimentTest\19\CS1905_U201915021_王哲彦.zip下的学生代码
2021-07-03-21:21:29       INFO   -------->学生信息:学号=U201915021,班级=CS1905,姓名=王哲彦
2021-07-03-21:21:29       INFO   -------->解压E:\JavaExperimentTest\19\CS1905_U201915021_王哲彦.zip到目标文件夹E:\JavaExperimentTest\19\temp
2021-07-03-21:21:29       INFO   ---------------->开始测试学号=U201915021,班级=CS1905,姓名=王哲彦的代码
2021-07-03-21:21:34       INFO   ---------------->学号=U201915021,班级=CS1905,姓名=王哲彦的代码测试结果为：测试总数=106,失败个数=0,忽略个数=0
2021-07-03-21:21:34       INFO   ---->测试E:\JavaExperimentTest\19\CS1905_U201915081_丁福顺.zip下的学生代码
2021-07-03-21:21:34       INFO   -------->学生信息:学号=U201915081,班级=CS1905,姓名=丁福顺
2021-07-03-21:21:35       INFO   -------->解压E:\JavaExperimentTest\19\CS1905_U201915081_丁福顺.zip到目标文件夹E:\JavaExperimentTest\19\temp
2021-07-03-21:21:35       INFO   ---------------->开始测试学号=U201915081,班级=CS1905,姓名=丁福顺的代码
2021-07-03-21:21:42       INFO   ---------------->学号=U201915081,班级=CS1905,姓名=丁福顺的代码测试结果为：测试总数=106,失败个数=0,忽略个数=0
2021-07-03-21:21:42       INFO   ---->测试E:\JavaExperimentTest\19\CS1905_U201915097_董菁.zip下的学生代码
2021-07-03-21:21:42       INFO   -------->学生信息:学号=U201915097,班级=CS1905,姓名=董菁
2021-07-03-21:21:42       INFO   -------->解压E:\JavaExperimentTest\19\CS1905_U201915097_董菁.zip到目标文件夹E:\JavaExperimentTest\19\temp
2021-07-03-21:21:42       INFO   ---------------->开始测试学号=U201915097,班级=CS1905,姓名=董菁的代码
2021-07-03-21:21:45      ERROR   ---------------->学号=U201915097,班级=CS1905,姓名=董菁的自动测试存在问题,请查看文件E:\JavaExperimentTest\19\logs\U201915097_CS1905_董菁_error.log和E:\JavaExperimentTest\19\logs\U201915097_CS1905_董菁_out.log
2021-07-03-21:21:45      ERROR   ---------------->学号=U201915097,班级=CS1905,姓名=董菁的代码测试没有得到最终测试结果
2021-07-03-21:21:45       INFO   ---->测试E:\JavaExperimentTest\19\CS1906_U201915033_谭璇.zip下的学生代码
2021-07-03-21:21:45       INFO   -------->学生信息:学号=U201915033,班级=CS1906,姓名=谭璇
2021-07-03-21:21:45      ERROR   -------->"解压错误:'gbk' codec can't decode byte 0xad in position 20: illegal multibyte sequence"
2021-07-03-21:21:45       INFO   ---->测试E:\JavaExperimentTest\19\CS1906_U201915100_任鹏.zip下的学生代码
2021-07-03-21:21:45       INFO   -------->学生信息:学号=U201915100,班级=CS1906,姓名=任鹏
2021-07-03-21:21:45      ERROR   -------->"解压错误:'gbk' codec can't decode byte 0xae in position 39: illegal multibyte sequence"
2021-07-03-21:21:45       INFO   ---->测试E:\JavaExperimentTest\19\CS1906_U201915108_杨天元.zip下的学生代码
2021-07-03-21:21:45       INFO   -------->学生信息:学号=U201915108,班级=CS1906,姓名=杨天元
2021-07-03-21:21:45      ERROR   -------->"解压错误:'gbk' codec can't decode byte 0x83 in position 26: illegal multibyte sequence"
2021-07-03-21:21:45       INFO   ---->测试E:\JavaExperimentTest\19\CS1906_U201915111_朱昱洋.zip下的学生代码
2021-07-03-21:21:45       INFO   -------->学生信息:学号=U201915111,班级=CS1906,姓名=朱昱洋
2021-07-03-21:21:45      ERROR   -------->"解压错误:'gbk' codec can't decode byte 0x8b in position 26: illegal multibyte sequence"
2021-07-03-21:21:45       INFO   ---->测试E:\JavaExperimentTest\19\CS1906_U201915113_明状.zip下的学生代码
2021-07-03-21:21:45       INFO   -------->学生信息:学号=U201915113,班级=CS1906,姓名=明状
2021-07-03-21:21:45      ERROR   -------->"解压错误:'gbk' codec can't decode byte 0xbb in position 103: illegal multibyte sequence"
2021-07-03-21:21:45       INFO   ---->测试E:\JavaExperimentTest\19\CS1906_U201915114_朱宏彬.zip下的学生代码
2021-07-03-21:21:45       INFO   -------->学生信息:学号=U201915114,班级=CS1906,姓名=朱宏彬
2021-07-03-21:21:45      ERROR   -------->"解压错误:'gbk' codec can't decode byte 0xac in position 26: illegal multibyte sequence"
2021-07-03-21:21:45       INFO   ---->测试E:\JavaExperimentTest\19\CS1906_U201915116_廖翔.zip下的学生代码
2021-07-03-21:21:45       INFO   -------->学生信息:学号=U201915116,班级=CS1906,姓名=廖翔
2021-07-03-21:21:45      ERROR   -------->"解压错误:'gbk' codec can't decode byte 0x80 in position 56: illegal multibyte sequence"
2021-07-03-21:21:45       INFO   ---->测试E:\JavaExperimentTest\19\CS1906_U201915121_焦梦翔.zip下的学生代码
2021-07-03-21:21:45       INFO   -------->学生信息:学号=U201915121,班级=CS1906,姓名=焦梦翔
2021-07-03-21:21:45      ERROR   -------->"解压错误:'gbk' codec can't decode byte 0x94 in position 26: illegal multibyte sequence"
2021-07-03-21:21:45       INFO   ---->测试E:\JavaExperimentTest\19\CS1906_U201915122_张诗阳.zip下的学生代码
2021-07-03-21:21:45       INFO   -------->学生信息:学号=U201915122,班级=CS1906,姓名=张诗阳
2021-07-03-21:21:45      ERROR   -------->"解压错误:'gbk' codec can't decode byte 0xb3 in position 26: illegal multibyte sequence"
2021-07-03-21:21:45       INFO   ---->测试E:\JavaExperimentTest\19\CS1906_U201915127_肖雪.zip下的学生代码
2021-07-03-21:21:45       INFO   -------->学生信息:学号=U201915127,班级=CS1906,姓名=肖雪
2021-07-03-21:21:45      ERROR   -------->"解压错误:'gbk' codec can't decode byte 0x80 in position 49: illegal multibyte sequence"
2021-07-03-21:21:45       INFO   ---->测试E:\JavaExperimentTest\19\CS1907-U201915036-李丹阳.zip下的学生代码
2021-07-03-21:21:45       INFO   -------->学生信息:学号=U201915036,班级=CS1907,姓名=李丹阳
2021-07-03-21:21:46       INFO   -------->解压E:\JavaExperimentTest\19\CS1907-U201915036-李丹阳.zip到目标文件夹E:\JavaExperimentTest\19\temp
2021-07-03-21:21:46       INFO   ---------------->开始测试学号=U201915036,班级=CS1907,姓名=李丹阳的代码
2021-07-03-21:21:50       INFO   ---------------->学号=U201915036,班级=CS1907,姓名=李丹阳的代码测试结果为：测试总数=106,失败个数=0,忽略个数=0
2021-07-03-21:21:50       INFO   ---->测试E:\JavaExperimentTest\19\CS1907-U201915138-张蒋航帆.rar下的学生代码
2021-07-03-21:21:50       INFO   -------->学生信息:学号=U201915138,班级=CS1907,姓名=张蒋航帆
2021-07-03-21:22:09       INFO   -------->解压E:\JavaExperimentTest\19\CS1907-U201915138-张蒋航帆.rar到目标文件夹E:\JavaExperimentTest\19\temp
2021-07-03-21:22:09       INFO   ---------------->开始测试学号=U201915138,班级=CS1907,姓名=张蒋航帆的代码
2021-07-03-21:22:14       INFO   ---------------->学号=U201915138,班级=CS1907,姓名=张蒋航帆的代码测试结果为：测试总数=106,失败个数=0,忽略个数=0
2021-07-03-21:22:14       INFO   ---->测试E:\JavaExperimentTest\19\CS1907-U201915158-赖必梁.zip下的学生代码
2021-07-03-21:22:14       INFO   -------->学生信息:学号=U201915158,班级=CS1907,姓名=赖必梁
2021-07-03-21:22:15       INFO   -------->解压E:\JavaExperimentTest\19\CS1907-U201915158-赖必梁.zip到目标文件夹E:\JavaExperimentTest\19\temp
2021-07-03-21:22:15       INFO   ---------------->开始测试学号=U201915158,班级=CS1907,姓名=赖必梁的代码
2021-07-03-21:22:20       INFO   ---------------->学号=U201915158,班级=CS1907,姓名=赖必梁的代码测试结果为：测试总数=106,失败个数=0,忽略个数=0
2021-07-03-21:22:20       INFO   ---->测试E:\JavaExperimentTest\19\CS1907_U201915133-李诗轩.zip下的学生代码
2021-07-03-21:22:20       INFO   -------->学生信息:学号=U201915133,班级=CS1907,姓名=李诗轩
2021-07-03-21:22:21       INFO   -------->解压E:\JavaExperimentTest\19\CS1907_U201915133-李诗轩.zip到目标文件夹E:\JavaExperimentTest\19\temp
2021-07-03-21:22:21       INFO   ---------------->开始测试学号=U201915133,班级=CS1907,姓名=李诗轩的代码
2021-07-03-21:22:26       INFO   ---------------->学号=U201915133,班级=CS1907,姓名=李诗轩的代码测试结果为：测试总数=106,失败个数=0,忽略个数=0
2021-07-03-21:22:26       INFO   ---->测试E:\JavaExperimentTest\19\CS1907_U201915145_姜颖琪.zip下的学生代码
2021-07-03-21:22:26       INFO   -------->学生信息:学号=U201915145,班级=CS1907,姓名=姜颖琪
2021-07-03-21:22:27       INFO   -------->解压E:\JavaExperimentTest\19\CS1907_U201915145_姜颖琪.zip到目标文件夹E:\JavaExperimentTest\19\temp
2021-07-03-21:22:27       INFO   ---------------->开始测试学号=U201915145,班级=CS1907,姓名=姜颖琪的代码
2021-07-03-21:22:31       INFO   ---------------->学号=U201915145,班级=CS1907,姓名=姜颖琪的代码测试结果为：测试总数=106,失败个数=0,忽略个数=0
2021-07-03-21:22:31       INFO   ---->测试E:\JavaExperimentTest\19\CS1908_U201915166_谭进.zip下的学生代码
2021-07-03-21:22:31       INFO   -------->学生信息:学号=U201915166,班级=CS1908,姓名=谭进
2021-07-03-21:22:32       INFO   -------->解压E:\JavaExperimentTest\19\CS1908_U201915166_谭进.zip到目标文件夹E:\JavaExperimentTest\19\temp
2021-07-03-21:22:32       INFO   ---------------->开始测试学号=U201915166,班级=CS1908,姓名=谭进的代码
2021-07-03-21:22:37       INFO   ---------------->学号=U201915166,班级=CS1908,姓名=谭进的代码测试结果为：测试总数=106,失败个数=0,忽略个数=0
2021-07-03-21:22:37       INFO   ---->测试E:\JavaExperimentTest\19\CS1908_U201915167_金朝晖.zip下的学生代码
2021-07-03-21:22:37       INFO   -------->学生信息:学号=U201915167,班级=CS1908,姓名=金朝晖
2021-07-03-21:22:38       INFO   -------->解压E:\JavaExperimentTest\19\CS1908_U201915167_金朝晖.zip到目标文件夹E:\JavaExperimentTest\19\temp
2021-07-03-21:22:38       INFO   ---------------->开始测试学号=U201915167,班级=CS1908,姓名=金朝晖的代码
2021-07-03-21:22:43       INFO   ---------------->学号=U201915167,班级=CS1908,姓名=金朝晖的代码测试结果为：测试总数=106,失败个数=0,忽略个数=0
2021-07-03-21:22:43       INFO   ---->测试E:\JavaExperimentTest\19\CS1908_U201915180_侯海洋.zip下的学生代码
2021-07-03-21:22:43       INFO   -------->学生信息:学号=U201915180,班级=CS1908,姓名=侯海洋
2021-07-03-21:22:44       INFO   -------->解压E:\JavaExperimentTest\19\CS1908_U201915180_侯海洋.zip到目标文件夹E:\JavaExperimentTest\19\temp
2021-07-03-21:22:44       INFO   ---------------->开始测试学号=U201915180,班级=CS1908,姓名=侯海洋的代码
2021-07-03-21:22:49       INFO   ---------------->学号=U201915180,班级=CS1908,姓名=侯海洋的代码测试结果为：测试总数=106,失败个数=0,忽略个数=0
2021-07-03-21:22:49       INFO   ---->测试E:\JavaExperimentTest\19\CSXJ1901-U201914015-赵英淇.rar下的学生代码
2021-07-03-21:22:49       INFO   -------->学生信息:学号=U201914015,班级=CSXJ1901,姓名=赵英淇
2021-07-03-21:23:07       INFO   -------->解压E:\JavaExperimentTest\19\CSXJ1901-U201914015-赵英淇.rar到目标文件夹E:\JavaExperimentTest\19\temp
2021-07-03-21:23:07       INFO   ---------------->开始测试学号=U201914015,班级=CSXJ1901,姓名=赵英淇的代码
2021-07-03-21:23:12       INFO   ---------------->学号=U201914015,班级=CSXJ1901,姓名=赵英淇的代码测试结果为：测试总数=106,失败个数=0,忽略个数=0
2021-07-03-21:23:12       INFO   ---->测试E:\JavaExperimentTest\19\CSXJ1901_U201911080_刘东旭.rar下的学生代码
2021-07-03-21:23:12       INFO   -------->学生信息:学号=U201911080,班级=CSXJ1901,姓名=刘东旭
2021-07-03-21:23:30       INFO   -------->解压E:\JavaExperimentTest\19\CSXJ1901_U201911080_刘东旭.rar到目标文件夹E:\JavaExperimentTest\19\temp
2021-07-03-21:23:30       INFO   ---------------->开始测试学号=U201911080,班级=CSXJ1901,姓名=刘东旭的代码
2021-07-03-21:23:36       INFO   ---------------->学号=U201911080,班级=CSXJ1901,姓名=刘东旭的代码测试结果为：测试总数=106,失败个数=0,忽略个数=0
2021-07-03-21:23:36       INFO   ---->测试E:\JavaExperimentTest\19\CSXJ1901_U201912703_时深奥.zip下的学生代码
2021-07-03-21:23:36       INFO   -------->学生信息:学号=U201912703,班级=CSXJ1901,姓名=时深奥
2021-07-03-21:23:37       INFO   -------->解压E:\JavaExperimentTest\19\CSXJ1901_U201912703_时深奥.zip到目标文件夹E:\JavaExperimentTest\19\temp
2021-07-03-21:23:37       INFO   ---------------->开始测试学号=U201912703,班级=CSXJ1901,姓名=时深奥的代码
2021-07-03-21:23:42       INFO   ---------------->学号=U201912703,班级=CSXJ1901,姓名=时深奥的代码测试结果为：测试总数=106,失败个数=0,忽略个数=0
2021-07-03-21:23:42       INFO   ---->测试E:\JavaExperimentTest\19\CSXJ1902-U201912702-刘京丰.zip下的学生代码
2021-07-03-21:23:42       INFO   -------->学生信息:学号=U201912702,班级=CSXJ1902,姓名=刘京丰
2021-07-03-21:23:42       INFO   -------->解压E:\JavaExperimentTest\19\CSXJ1902-U201912702-刘京丰.zip到目标文件夹E:\JavaExperimentTest\19\temp
2021-07-03-21:23:42       INFO   ---------------->开始测试学号=U201912702,班级=CSXJ1902,姓名=刘京丰的代码
2021-07-03-21:23:47       INFO   ---------------->学号=U201912702,班级=CSXJ1902,姓名=刘京丰的代码测试结果为：测试总数=106,失败个数=0,忽略个数=0
2021-07-03-21:23:47       INFO   ---->测试E:\JavaExperimentTest\19\CSXJ1902-U201915459-李扬.zip下的学生代码
2021-07-03-21:23:47       INFO   -------->学生信息:学号=U201915459,班级=CSXJ1902,姓名=李扬
2021-07-03-21:23:48       INFO   -------->解压E:\JavaExperimentTest\19\CSXJ1902-U201915459-李扬.zip到目标文件夹E:\JavaExperimentTest\19\temp
2021-07-03-21:23:48       INFO   ---------------->开始测试学号=U201915459,班级=CSXJ1902,姓名=李扬的代码
2021-07-03-21:23:52       INFO   ---------------->学号=U201915459,班级=CSXJ1902,姓名=李扬的代码测试结果为：测试总数=106,失败个数=0,忽略个数=0
2021-07-03-21:23:52       INFO   ---->测试E:\JavaExperimentTest\19\CSXJ1902-U201915730-刘竞康.rar下的学生代码
2021-07-03-21:23:52       INFO   -------->学生信息:学号=U201915730,班级=CSXJ1902,姓名=刘竞康
2021-07-03-21:24:03       INFO   -------->解压E:\JavaExperimentTest\19\CSXJ1902-U201915730-刘竞康.rar到目标文件夹E:\JavaExperimentTest\19\temp
2021-07-03-21:24:03       INFO   ---------------->开始测试学号=U201915730,班级=CSXJ1902,姓名=刘竞康的代码
2021-07-03-21:24:08       INFO   ---------------->学号=U201915730,班级=CSXJ1902,姓名=刘竞康的代码测试结果为：测试总数=106,失败个数=0,忽略个数=0
2021-07-03-21:24:08       INFO   ---->测试E:\JavaExperimentTest\19\CSXJ1902_U201912583_王梓璇.rar下的学生代码
2021-07-03-21:24:08       INFO   -------->学生信息:学号=U201912583,班级=CSXJ1902,姓名=王梓璇
2021-07-03-21:24:31       INFO   -------->解压E:\JavaExperimentTest\19\CSXJ1902_U201912583_王梓璇.rar到目标文件夹E:\JavaExperimentTest\19\temp
2021-07-03-21:24:31       INFO   ---------------->开始测试学号=U201912583,班级=CSXJ1902,姓名=王梓璇的代码
2021-07-03-21:24:36       INFO   ---------------->学号=U201912583,班级=CSXJ1902,姓名=王梓璇的代码测试结果为：测试总数=106,失败个数=0,忽略个数=0
2021-07-03-21:24:36       INFO   ---->测试E:\JavaExperimentTest\19\CSXJ1902_U201913252_王冠.rar下的学生代码
2021-07-03-21:24:36       INFO   -------->学生信息:学号=U201913252,班级=CSXJ1902,姓名=王冠
2021-07-03-21:24:45       INFO   -------->解压E:\JavaExperimentTest\19\CSXJ1902_U201913252_王冠.rar到目标文件夹E:\JavaExperimentTest\19\temp
2021-07-03-21:24:45       INFO   ---------------->开始测试学号=U201913252,班级=CSXJ1902,姓名=王冠的代码
2021-07-03-21:24:50       INFO   ---------------->学号=U201913252,班级=CSXJ1902,姓名=王冠的代码测试结果为：测试总数=106,失败个数=0,忽略个数=0
2021-07-03-21:24:50       INFO   ---->测试E:\JavaExperimentTest\19\CSXJ1902_U201913821_朱旭鹏.zip下的学生代码
2021-07-03-21:24:50       INFO   -------->学生信息:学号=U201913821,班级=CSXJ1902,姓名=朱旭鹏
2021-07-03-21:24:51       INFO   -------->解压E:\JavaExperimentTest\19\CSXJ1902_U201913821_朱旭鹏.zip到目标文件夹E:\JavaExperimentTest\19\temp
2021-07-03-21:24:51       INFO   ---------------->开始测试学号=U201913821,班级=CSXJ1902,姓名=朱旭鹏的代码
2021-07-03-21:24:56      ERROR   ---------------->学号=U201913821,班级=CSXJ1902,姓名=朱旭鹏的自动测试存在问题,请查看文件E:\JavaExperimentTest\19\logs\U201913821_CSXJ1902_朱旭鹏_error.log和E:\JavaExperimentTest\19\logs\U201913821_CSXJ1902_朱旭鹏_out.log
2021-07-03-21:24:56       INFO   ---------------->学号=U201913821,班级=CSXJ1902,姓名=朱旭鹏的代码测试结果为：测试总数=106,失败个数=4,忽略个数=0
2021-07-03-21:24:56       INFO   ---->测试E:\JavaExperimentTest\19\CSXJ1902_U201915418_马龙.zip下的学生代码
2021-07-03-21:24:56       INFO   -------->学生信息:学号=U201915418,班级=CSXJ1902,姓名=马龙
2021-07-03-21:24:57       INFO   -------->解压E:\JavaExperimentTest\19\CSXJ1902_U201915418_马龙.zip到目标文件夹E:\JavaExperimentTest\19\temp
2021-07-03-21:24:57       INFO   ---------------->开始测试学号=U201915418,班级=CSXJ1902,姓名=马龙的代码
2021-07-03-21:25:01       INFO   ---------------->学号=U201915418,班级=CSXJ1902,姓名=马龙的代码测试结果为：测试总数=106,失败个数=0,忽略个数=0
2021-07-03-21:25:01       INFO   ---->测试E:\JavaExperimentTest\19\CSXJ1902_U201916341_张佳辉.zip下的学生代码
2021-07-03-21:25:01       INFO   -------->学生信息:学号=U201916341,班级=CSXJ1902,姓名=张佳辉
2021-07-03-21:25:04       INFO   -------->解压E:\JavaExperimentTest\19\CSXJ1902_U201916341_张佳辉.zip到目标文件夹E:\JavaExperimentTest\19\temp
2021-07-03-21:25:04       INFO   ---------------->开始测试学号=U201916341,班级=CSXJ1902,姓名=张佳辉的代码
2021-07-03-21:25:08       INFO   ---------------->学号=U201916341,班级=CSXJ1902,姓名=张佳辉的代码测试结果为：测试总数=106,失败个数=0,忽略个数=0
2021-07-03-21:25:08       INFO   ---->测试E:\JavaExperimentTest\19\CSXJ1902_U201916470_刘济源.zip下的学生代码
2021-07-03-21:25:08       INFO   -------->学生信息:学号=U201916470,班级=CSXJ1902,姓名=刘济源
2021-07-03-21:25:10       INFO   -------->解压E:\JavaExperimentTest\19\CSXJ1902_U201916470_刘济源.zip到目标文件夹E:\JavaExperimentTest\19\temp
2021-07-03-21:25:10       INFO   ---------------->开始测试学号=U201916470,班级=CSXJ1902,姓名=刘济源的代码
2021-07-03-21:25:14      ERROR   ---------------->学号=U201916470,班级=CSXJ1902,姓名=刘济源的自动测试存在问题,请查看文件E:\JavaExperimentTest\19\logs\U201916470_CSXJ1902_刘济源_error.log和E:\JavaExperimentTest\19\logs\U201916470_CSXJ1902_刘济源_out.log
2021-07-03-21:25:14       INFO   ---------------->学号=U201916470,班级=CSXJ1902,姓名=刘济源的代码测试结果为：测试总数=106,失败个数=35,忽略个数=3
2021-07-03-21:25:14       INFO   ---->测试E:\JavaExperimentTest\19\CSXJ1902_U201916508_肖璐.zip下的学生代码
2021-07-03-21:25:14       INFO   -------->学生信息:学号=U201916508,班级=CSXJ1902,姓名=肖璐
2021-07-03-21:25:15       INFO   -------->解压E:\JavaExperimentTest\19\CSXJ1902_U201916508_肖璐.zip到目标文件夹E:\JavaExperimentTest\19\temp
2021-07-03-21:25:15       INFO   ---------------->开始测试学号=U201916508,班级=CSXJ1902,姓名=肖璐的代码
2021-07-03-21:25:20       INFO   ---------------->学号=U201916508,班级=CSXJ1902,姓名=肖璐的代码测试结果为：测试总数=106,失败个数=0,忽略个数=0
2021-07-03-21:25:20       INFO   ---->测试E:\JavaExperimentTest\19\IOT1901_U201914949_唐运云.rar下的学生代码
2021-07-03-21:25:20       INFO   -------->学生信息:学号=U201914949,班级=IOT1901,姓名=唐运云
2021-07-03-21:25:32       INFO   -------->解压E:\JavaExperimentTest\19\IOT1901_U201914949_唐运云.rar到目标文件夹E:\JavaExperimentTest\19\temp
2021-07-03-21:25:32       INFO   ---------------->开始测试学号=U201914949,班级=IOT1901,姓名=唐运云的代码
2021-07-03-21:25:36       INFO   ---------------->学号=U201914949,班级=IOT1901,姓名=唐运云的代码测试结果为：测试总数=106,失败个数=0,忽略个数=0
2021-07-03-21:25:36       INFO   ---->测试E:\JavaExperimentTest\19\IOT1901_U201915171_李文声.zip下的学生代码
2021-07-03-21:25:36       INFO   -------->学生信息:学号=U201915171,班级=IOT1901,姓名=李文声
2021-07-03-21:25:37       INFO   -------->解压E:\JavaExperimentTest\19\IOT1901_U201915171_李文声.zip到目标文件夹E:\JavaExperimentTest\19\temp
2021-07-03-21:25:37       INFO   ---------------->开始测试学号=U201915171,班级=IOT1901,姓名=李文声的代码
2021-07-03-21:25:42       INFO   ---------------->学号=U201915171,班级=IOT1901,姓名=李文声的代码测试结果为：测试总数=106,失败个数=0,忽略个数=0
2021-07-03-21:25:42       INFO   ---->测试E:\JavaExperimentTest\19\校交1901-U201911494-陈鹏.zip下的学生代码
2021-07-03-21:25:42       INFO   -------->学生信息:学号=U201911494,班级=校交1901,姓名=陈鹏
2021-07-03-21:25:42      ERROR   -------->"解压错误:'gbk' codec can't decode byte 0x80 in position 37: illegal multibyte sequence"
2021-07-03-21:25:42       INFO   ---->测试E:\JavaExperimentTest\19\校交1901-U201911529-卢炳乾.zip下的学生代码
2021-07-03-21:25:42       INFO   -------->学生信息:学号=U201911529,班级=校交1901,姓名=卢炳乾
2021-07-03-21:25:42       INFO   -------->解压E:\JavaExperimentTest\19\校交1901-U201911529-卢炳乾.zip到目标文件夹E:\JavaExperimentTest\19\temp
2021-07-03-21:25:42       INFO   ---------------->开始测试学号=U201911529,班级=校交1901,姓名=卢炳乾的代码
2021-07-03-21:25:45      ERROR   ---------------->学号=U201911529,班级=校交1901,姓名=卢炳乾的自动测试存在问题,请查看文件E:\JavaExperimentTest\19\logs\U201911529_校交1901_卢炳乾_error.log和E:\JavaExperimentTest\19\logs\U201911529_校交1901_卢炳乾_out.log
2021-07-03-21:25:45      ERROR   ---------------->学号=U201911529,班级=校交1901,姓名=卢炳乾的代码测试没有得到最终测试结果
2021-07-03-21:25:45       INFO   ---->测试E:\JavaExperimentTest\19\校交1901_U201912070_贺继尧.zip下的学生代码
2021-07-03-21:25:45       INFO   -------->学生信息:学号=U201912070,班级=校交1901,姓名=贺继尧
2021-07-03-21:25:46       INFO   -------->解压E:\JavaExperimentTest\19\校交1901_U201912070_贺继尧.zip到目标文件夹E:\JavaExperimentTest\19\temp
2021-07-03-21:25:46       INFO   ---------------->开始测试学号=U201912070,班级=校交1901,姓名=贺继尧的代码
2021-07-03-21:25:51       INFO   ---------------->学号=U201912070,班级=校交1901,姓名=贺继尧的代码测试结果为：测试总数=106,失败个数=0,忽略个数=0
2021-07-03-21:25:51       INFO   ---->测试E:\JavaExperimentTest\19\校交1901班_U201914065_孙昊洋.zip下的学生代码
2021-07-03-21:25:51       INFO   -------->学生信息:学号=U201914065,班级=校交1901班,姓名=孙昊洋
2021-07-03-21:25:51       INFO   -------->解压E:\JavaExperimentTest\19\校交1901班_U201914065_孙昊洋.zip到目标文件夹E:\JavaExperimentTest\19\temp
2021-07-03-21:25:51       INFO   ---------------->开始测试学号=U201914065,班级=校交1901班,姓名=孙昊洋的代码
2021-07-03-21:25:56       INFO   ---------------->学号=U201914065,班级=校交1901班,姓名=孙昊洋的代码测试结果为：测试总数=106,失败个数=0,忽略个数=0
2021-07-03-21:25:56       INFO   ---->测试E:\JavaExperimentTest\19\校交1902_U201911885_盘凝知.zip下的学生代码
2021-07-03-21:25:56       INFO   -------->学生信息:学号=U201911885,班级=校交1902,姓名=盘凝知
2021-07-03-21:25:57       INFO   -------->解压E:\JavaExperimentTest\19\校交1902_U201911885_盘凝知.zip到目标文件夹E:\JavaExperimentTest\19\temp
2021-07-03-21:25:57       INFO   ---------------->开始测试学号=U201911885,班级=校交1902,姓名=盘凝知的代码
2021-07-03-21:25:57      ERROR   ---------------->学号=U201911885,班级=校交1902,姓名=盘凝知的自动测试目录不存在或者存在问题
2021-07-03-21:25:57       INFO   ---->测试E:\JavaExperimentTest\19\校交1902_U201913267_郭玺.zip下的学生代码
2021-07-03-21:25:57       INFO   -------->学生信息:学号=U201913267,班级=校交1902,姓名=郭玺
2021-07-03-21:25:57      ERROR   -------->"解压错误:'gbk' codec can't decode byte 0xad in position 24: illegal multibyte sequence"
2021-07-03-21:25:57       INFO   ---->测试E:\JavaExperimentTest\19\校交1902班_U201916202_杨志军.rar下的学生代码
2021-07-03-21:25:57       INFO   -------->学生信息:学号=U201916202,班级=校交1902班,姓名=杨志军
2021-07-03-21:26:15       INFO   -------->解压E:\JavaExperimentTest\19\校交1902班_U201916202_杨志军.rar到目标文件夹E:\JavaExperimentTest\19\temp
2021-07-03-21:26:15       INFO   ---------------->开始测试学号=U201916202,班级=校交1902班,姓名=杨志军的代码
2021-07-03-21:26:21       INFO   ---------------->学号=U201916202,班级=校交1902班,姓名=杨志军的代码测试结果为：测试总数=106,失败个数=0,忽略个数=0
2021-07-03-21:26:21       INFO   ---->测试E:\JavaExperimentTest\19\计卓1901_U201914857_火元心.zip下的学生代码
2021-07-03-21:26:21       INFO   -------->学生信息:学号=U201914857,班级=计卓1901,姓名=火元心
2021-07-03-21:26:22       INFO   -------->解压E:\JavaExperimentTest\19\计卓1901_U201914857_火元心.zip到目标文件夹E:\JavaExperimentTest\19\temp
2021-07-03-21:26:22       INFO   ---------------->开始测试学号=U201914857,班级=计卓1901,姓名=火元心的代码
2021-07-03-21:26:27       INFO   ---------------->学号=U201914857,班级=计卓1901,姓名=火元心的代码测试结果为：测试总数=106,失败个数=0,忽略个数=0
2021-07-03-21:26:27       INFO   ---->测试E:\JavaExperimentTest\19\计卓1901_U201914875_朱博瀚.zip下的学生代码
2021-07-03-21:26:27       INFO   -------->学生信息:学号=U201914875,班级=计卓1901,姓名=朱博瀚
2021-07-03-21:26:27       INFO   -------->解压E:\JavaExperimentTest\19\计卓1901_U201914875_朱博瀚.zip到目标文件夹E:\JavaExperimentTest\19\temp
2021-07-03-21:26:27       INFO   ---------------->开始测试学号=U201914875,班级=计卓1901,姓名=朱博瀚的代码
2021-07-03-21:26:32      ERROR   ---------------->学号=U201914875,班级=计卓1901,姓名=朱博瀚的自动测试存在问题,请查看文件E:\JavaExperimentTest\19\logs\U201914875_计卓1901_朱博瀚_error.log和E:\JavaExperimentTest\19\logs\U201914875_计卓1901_朱博瀚_out.log
2021-07-03-21:26:32      ERROR   ---------------->学号=U201914875,班级=计卓1901,姓名=朱博瀚的代码测试没有得到最终测试结果
2021-07-03-21:26:32       INFO   ---->测试E:\JavaExperimentTest\19\计卓1901_U201914882_赵乐颜.zip下的学生代码
2021-07-03-21:26:32       INFO   -------->学生信息:学号=U201914882,班级=计卓1901,姓名=赵乐颜
2021-07-03-21:26:32      ERROR   -------->"解压错误:'gbk' codec can't decode byte 0x86 in position 27: illegal multibyte sequence"
2021-07-03-21:26:32       INFO   测试完毕
